<?xml version="1.0" encoding="UTF-8"?>
<!-- Generated by org.testng.reporters.JUnitReportReporter -->
<testsuite skipped="0" hostname="DESKTOP-J71GJ2U" name="pageTest.LoginTest" tests="2" failures="0" timestamp="14 Jun 2020 21:31:25 GMT" time="17.273" errors="0">
  <testcase name="validateSignIn" time="8.387" classname="pageTest.LoginTest"/>
  <testcase name="validateSignIn" time="8.886" classname="pageTest.LoginTest"/>
</testsuite> <!-- pageTest.LoginTest -->
