<?xml version="1.0" encoding="UTF-8"?>
<!-- Generated by org.testng.reporters.JUnitReportReporter -->
<testsuite skipped="0" hostname="DESKTOP-J71GJ2U" name="pageTest.LoginTest" tests="2" failures="0" timestamp="13 Jun 2020 19:43:16 GMT" time="19.453" errors="0">
  <testcase name="validateSignIn" time="9.448" classname="pageTest.LoginTest"/>
  <testcase name="validateSignIn" time="10.005" classname="pageTest.LoginTest"/>
</testsuite> <!-- pageTest.LoginTest -->
